<?xml version="1.0" encoding="UTF-8"?>
<testsuite xmlns:xsi="http://www.w3.org/2001/XMLSchema-instance" xsi:noNamespaceSchemaLocation="https://maven.apache.org/surefire/maven-surefire-plugin/xsd/surefire-test-report-3.0.xsd" version="3.0" name="com.green.springrestapi.SpringRestApiApplicationTests" time="4.002" tests="1" errors="0" skipped="0" failures="0">
  <properties>
[...]
</properties>
  <testcase name="contextLoads" classname="com.green.springrestapi.SpringRestApiApplicationTests" time="0.005">
    <system-out><![CDATA[2024-06-19T22:43:38.929+05:30  INFO 16150 --- [           main] t.c.s.AnnotationConfigContextLoaderUtils : Could not detect default configuration classes for test class [com.green.springrestapi.SpringRestApiApplicationTests]: SpringRestApiApplicationTests does not declare any static, non-private, non-final, nested classes annotated with @Configuration.
2024-06-19T22:43:38.945+05:30  INFO 16150 --- [           main] .b.t.c.SpringBootTestContextBootstrapper : Found @SpringBootConfiguration com.green.springrestapi.SpringRestApiApplication for test class com.green.springrestapi.SpringRestApiApplicationTests
2024-06-19T22:43:38.956+05:30  INFO 16150 --- [           main] o.s.b.d.r.RestartApplicationListener     : Restart disabled due to context in which it is running

  .   ____          _            __ _ _
 /\\ / ___'_ __ _ _(_)_ __  __ _ \ \ \ \
( ( )\___ | '_ | '_| | '_ \/ _` | \ \ \ \
 \\/  ___)| |_)| | | | | || (_| |  ) ) ) )
  '  |____| .__|_| |_|_| |_\__, | / / / /
 =========|_|==============|___/=/_/_/_/
 :: Spring Boot ::                (v3.2.1)

2024-06-19T22:43:38.989+05:30  INFO 16150 --- [           main] c.g.s.SpringRestApiApplicationTests      : Starting SpringRestApiApplicationTests using Java 17.0.11 with PID 16150 (started by sriban in /opt/workspace/java/spring-rest-api)
2024-06-19T22:43:38.990+05:30  INFO 16150 --- [           main] c.g.s.SpringRestApiApplicationTests      : No active profile set, falling back to 1 default profile: "default"
2024-06-19T22:43:39.633+05:30  INFO 16150 --- [           main] .s.d.r.c.RepositoryConfigurationDelegate : Bootstrapping Spring Data JPA repositories in DEFAULT mode.
2024-06-19T22:43:39.714+05:30  INFO 16150 --- [           main] .s.d.r.c.RepositoryConfigurationDelegate : Finished Spring Data repository scanning in 72 ms. Found 2 JPA repository interfaces.
2024-06-19T22:43:40.204+05:30  INFO 16150 --- [           main] com.zaxxer.hikari.HikariDataSource       : HikariPool-1 - Starting...
2024-06-19T22:43:40.522+05:30  INFO 16150 --- [           main] com.zaxxer.hikari.pool.HikariPool        : HikariPool-1 - Added connection conn0: url=jdbc:h2:mem:testdb user=SA
2024-06-19T22:43:40.528+05:30  INFO 16150 --- [           main] com.zaxxer.hikari.HikariDataSource       : HikariPool-1 - Start completed.
2024-06-19T22:43:40.587+05:30  INFO 16150 --- [           main] o.hibernate.jpa.internal.util.LogHelper  : HHH000204: Processing PersistenceUnitInfo [name: default]
2024-06-19T22:43:40.666+05:30  INFO 16150 --- [           main] org.hibernate.Version                    : HHH000412: Hibernate ORM core version 6.4.1.Final
2024-06-19T22:43:40.710+05:30  INFO 16150 --- [           main] o.h.c.internal.RegionFactoryInitiator    : HHH000026: Second-level cache disabled
2024-06-19T22:43:40.865+05:30  INFO 16150 --- [           main] o.s.o.j.p.SpringPersistenceUnitInfo      : No LoadTimeWeaver setup: ignoring JPA class transformer
2024-06-19T22:43:40.920+05:30  WARN 16150 --- [           main] org.hibernate.orm.deprecation            : HHH90000025: H2Dialect does not need to be specified explicitly using 'hibernate.dialect' (remove the property setting and it will be selected by default)
2024-06-19T22:43:41.858+05:30  INFO 16150 --- [           main] o.h.e.t.j.p.i.JtaPlatformInitiator       : HHH000489: No JTA platform available (set 'hibernate.transaction.jta.platform' to enable JTA platform integration)
Hibernate: 
    drop table if exists app_user cascade 
Hibernate: 
    drop table if exists category cascade 
Hibernate: 
    drop table if exists product cascade 
Hibernate: 
    drop sequence if exists app_user_seq
Hibernate: 
    drop sequence if exists category_seq
Hibernate: 
    drop sequence if exists product_seq
Hibernate: 
    create sequence app_user_seq start with 1 increment by 50
Hibernate: 
    create sequence category_seq start with 1 increment by 50
Hibernate: 
    create sequence product_seq start with 1 increment by 50
Hibernate: 
    create table app_user (
        id bigint not null,
        password varchar(8),
        phone varchar(10),
        email varchar(255),
        first_name varchar(255) not null,
        last_name varchar(255) not null,
        role varchar(255),
        primary key (id),
        constraint fName_lName unique (first_name, last_name)
    )
Hibernate: 
    create table category (
        cat_id integer not null,
        name varchar(255),
        primary key (cat_id)
    )
Hibernate: 
    create table product (
        fk_cat_id integer,
        id integer not null,
        price float(53) not null,
        name varchar(255),
        primary key (id)
    )
Hibernate: 
    alter table if exists product 
       add constraint FKgh8gqvo6bp0kohry2ugahh1ox 
       foreign key (fk_cat_id) 
       references category
2024-06-19T22:43:41.907+05:30  INFO 16150 --- [           main] j.LocalContainerEntityManagerFactoryBean : Initialized JPA EntityManagerFactory for persistence unit 'default'
2024-06-19T22:43:42.352+05:30  INFO 16150 --- [           main] o.s.d.j.r.query.QueryEnhancerFactory     : Hibernate is in classpath; If applicable, HQL parser will be used.
2024-06-19T22:43:42.353+05:30  WARN 16150 --- [           main] o.s.d.j.r.query.JpaQueryLookupStrategy   : Query method public abstract java.util.Optional com.green.springrestapi.repository.UserRepository.getActiveUser() is annotated with both, a query and a query name; Using the declared query
2024-06-19T22:43:42.586+05:30  WARN 16150 --- [           main] JpaBaseConfiguration$JpaWebConfiguration : spring.jpa.open-in-view is enabled by default. Therefore, database queries may be performed during view rendering. Explicitly configure spring.jpa.open-in-view to disable this warning
2024-06-19T22:43:42.864+05:30  INFO 16150 --- [           main] o.s.b.a.h2.H2ConsoleAutoConfiguration    : H2 console available at '/h2-console'. Database available at 'jdbc:h2:mem:testdb'
2024-06-19T22:43:42.921+05:30  INFO 16150 --- [           main] c.g.s.SpringRestApiApplicationTests      : Started SpringRestApiApplicationTests in 3.965 seconds (process running for 10.395)
]]></system-out>
  </testcase>
</testsuite>