<?xml version="1.0" encoding="UTF-8"?>
<testsuite xmlns:xsi="http://www.w3.org/2001/XMLSchema-instance" xsi:noNamespaceSchemaLocation="https://maven.apache.org/surefire/maven-surefire-plugin/xsd/surefire-test-report-3.0.xsd" version="3.0" name="com.green.springrestapi.controller.UserControllerTests" time="4.404" tests="4" errors="0" skipped="0" failures="0">
  <properties>
[...]
</properties>
  <testcase name="givenNewUserThenReturnCreatedUser" classname="com.green.springrestapi.controller.UserControllerTests" time="0.459">
    <system-out><![CDATA[23:01:58.208 [main] INFO org.springframework.test.context.support.AnnotationConfigContextLoaderUtils -- Could not detect default configuration classes for test class [com.green.springrestapi.controller.UserControllerTests]: UserControllerTests does not declare any static, non-private, non-final, nested classes annotated with @Configuration.
23:01:58.416 [main] INFO org.springframework.boot.test.context.SpringBootTestContextBootstrapper -- Found @SpringBootConfiguration com.green.springrestapi.SpringRestApiApplication for test class com.green.springrestapi.controller.UserControllerTests

  .   ____          _            __ _ _
 /\\ / ___'_ __ _ _(_)_ __  __ _ \ \ \ \
( ( )\___ | '_ | '_| | '_ \/ _` | \ \ \ \
 \\/  ___)| |_)| | | | | || (_| |  ) ) ) )
  '  |____| .__|_| |_|_| |_\__, | / / / /
 =========|_|==============|___/=/_/_/_/
 :: Spring Boot ::                (v3.2.1)

2024-03-13T23:01:58.942+05:30  INFO 20705 --- [           main] c.g.s.controller.UserControllerTests     : Starting UserControllerTests using Java 17.0.10 with PID 20705 (started by sriban in /opt/workspace/java/spring-rest-api)
2024-03-13T23:01:58.950+05:30  INFO 20705 --- [           main] c.g.s.controller.UserControllerTests     : No active profile set, falling back to 1 default profile: "default"
2024-03-13T23:02:01.815+05:30  INFO 20705 --- [           main] o.s.b.t.m.w.SpringBootMockServletContext : Initializing Spring TestDispatcherServlet ''
2024-03-13T23:02:01.815+05:30  INFO 20705 --- [           main] o.s.t.web.servlet.TestDispatcherServlet  : Initializing Servlet ''
2024-03-13T23:02:01.818+05:30  INFO 20705 --- [           main] o.s.t.web.servlet.TestDispatcherServlet  : Completed initialization in 1 ms
2024-03-13T23:02:01.850+05:30  INFO 20705 --- [           main] c.g.s.controller.UserControllerTests     : Started UserControllerTests in 3.352 seconds (process running for 4.52)

MockHttpServletRequest:
      HTTP Method = POST
      Request URI = /user/save
       Parameters = {}
          Headers = [Content-Type:"application/json;charset=UTF-8", Content-Length:"143"]
             Body = {"id":0,"firstName":"sriban","lastName":"tamil","email":"sri@gmail.com","phone":"1234569871","password":"123456","role":null,"active":"\u0000"}
    Session Attrs = {}

Handler:
             Type = com.green.springrestapi.controller.UserController
           Method = com.green.springrestapi.controller.UserController#save(User)

Async:
    Async started = false
     Async result = null

Resolved Exception:
             Type = null

ModelAndView:
        View name = null
             View = null
            Model = null

FlashMap:
       Attributes = null

MockHttpServletResponse:
           Status = 201
    Error message = null
          Headers = [Vary:"Origin", "Access-Control-Request-Method", "Access-Control-Request-Headers", Content-Type:"application/json"]
     Content type = application/json
             Body = {"id":0,"firstName":"sriban","lastName":"tamil","email":"sri@gmail.com","phone":"1234569871","password":"123456","role":null,"active":"\u0000"}
    Forwarded URL = null
   Redirected URL = null
          Cookies = []
]]></system-out>
  </testcase>
  <testcase name="givenExistingUserThenReturnUpdatedUser" classname="com.green.springrestapi.controller.UserControllerTests" time="0.026">
    <system-out><![CDATA[
MockHttpServletRequest:
      HTTP Method = PUT
      Request URI = /user/update/1
       Parameters = {}
          Headers = [Content-Type:"application/json;charset=UTF-8", Content-Length:"141"]
             Body = {"id":0,"firstName":"mari","lastName":"tamil","email":"sri@gmail.com","phone":"1234569871","password":"123456","role":null,"active":"\u0000"}
    Session Attrs = {}

Handler:
             Type = com.green.springrestapi.controller.UserController
           Method = com.green.springrestapi.controller.UserController#update(User, long)

Async:
    Async started = false
     Async result = null

Resolved Exception:
             Type = null

ModelAndView:
        View name = null
             View = null
            Model = null

FlashMap:
       Attributes = null

MockHttpServletResponse:
           Status = 200
    Error message = null
          Headers = [Vary:"Origin", "Access-Control-Request-Method", "Access-Control-Request-Headers", Content-Type:"application/json"]
     Content type = application/json
             Body = {"id":1,"firstName":"mari","lastName":"tamil","email":"sri@gmail.com","phone":"1234569871","password":"123456","role":null,"active":"\u0000"}
    Forwarded URL = null
   Redirected URL = null
          Cookies = []
]]></system-out>
  </testcase>
  <testcase name="givenExistsUserIdThenReturnUser" classname="com.green.springrestapi.controller.UserControllerTests" time="0.01">
    <system-out><![CDATA[
MockHttpServletRequest:
      HTTP Method = GET
      Request URI = /user/get/2
       Parameters = {}
          Headers = [Content-Type:"application/json;charset=UTF-8"]
             Body = null
    Session Attrs = {}

Handler:
             Type = com.green.springrestapi.controller.UserController
           Method = com.green.springrestapi.controller.UserController#getById(long)

Async:
    Async started = false
     Async result = null

Resolved Exception:
             Type = null

ModelAndView:
        View name = null
             View = null
            Model = null

FlashMap:
       Attributes = null

MockHttpServletResponse:
           Status = 200
    Error message = null
          Headers = [Vary:"Origin", "Access-Control-Request-Method", "Access-Control-Request-Headers", Content-Type:"application/json"]
     Content type = application/json
             Body = {"id":1,"firstName":"suman","lastName":"s","email":"suman@gmail.com","phone":"1125879653","password":"123456","role":null,"active":"\u0000"}
    Forwarded URL = null
   Redirected URL = null
          Cookies = []
]]></system-out>
  </testcase>
  <testcase name="givenNewUserIntoUpdateWithThenCreateNewUserReturn" classname="com.green.springrestapi.controller.UserControllerTests" time="0.014">
    <system-out><![CDATA[
MockHttpServletRequest:
      HTTP Method = PUT
      Request URI = /user/update/1
       Parameters = {}
          Headers = [Content-Type:"application/json;charset=UTF-8", Content-Length:"140"]
             Body = {"id":1,"firstName":"suman","lastName":"s","email":"suman@gmail.com","phone":"1125879653","password":"123456","role":null,"active":"\u0000"}
    Session Attrs = {}

Handler:
             Type = com.green.springrestapi.controller.UserController
           Method = com.green.springrestapi.controller.UserController#update(User, long)

Async:
    Async started = false
     Async result = null

Resolved Exception:
             Type = null

ModelAndView:
        View name = null
             View = null
            Model = null

FlashMap:
       Attributes = null

MockHttpServletResponse:
           Status = 200
    Error message = null
          Headers = [Vary:"Origin", "Access-Control-Request-Method", "Access-Control-Request-Headers", Content-Type:"application/json"]
     Content type = application/json
             Body = {"id":1,"firstName":"suman","lastName":"s","email":"suman@gmail.com","phone":"1125879653","password":"123456","role":null,"active":"\u0000"}
    Forwarded URL = null
   Redirected URL = null
          Cookies = []
]]></system-out>
  </testcase>
</testsuite>